-------------------------------------------------------------------------------
Test set: com.coffeecode.parser.csv.CSVParserIntegrationTest
-------------------------------------------------------------------------------
Tests run: 5, Failures: 2, Errors: 0, Skipped: 0, Time elapsed: 0.812 s <<< FAILURE! -- in com.coffeecode.parser.csv.CSVParserIntegrationTest
com.coffeecode.parser.csv.CSVParserIntegrationTest.testReadActualFile -- Time elapsed: 0.033 s <<< FAILURE!
org.opentest4j.MultipleFailuresError: 
Multiple Failures (2 failures)
	org.opentest4j.MultipleFailuresError: Multiple Failures (2 failures)
	org.opentest4j.AssertionFailedError: expected: <Transfer Balance Report> but was: <﻿>
	org.opentest4j.AssertionFailedError: expected: <Start Date: 2024-12-30> but was: <Area: All>
	org.opentest4j.MultipleFailuresError: Multiple Failures (3 failures)
	org.opentest4j.AssertionFailedError: expected: <DateTime> but was: <2024-12-30 10:22:14>
	org.opentest4j.AssertionFailedError: expected: <Transaction ID> but was: <03651500029279801355>
	org.opentest4j.AssertionFailedError: expected: <Status Description> but was: <Success>
	at org.junit.jupiter.api.AssertAll.assertAll(AssertAll.java:80)
	at org.junit.jupiter.api.AssertAll.assertAll(AssertAll.java:44)
	at org.junit.jupiter.api.AssertAll.assertAll(AssertAll.java:38)
	at org.junit.jupiter.api.Assertions.assertAll(Assertions.java:2944)
	at com.coffeecode.parser.csv.CSVParserIntegrationTest.testReadActualFile(CSVParserIntegrationTest.java:48)
	at java.base/java.lang.reflect.Method.invoke(Method.java:580)
	at java.base/java.util.ArrayList.forEach(ArrayList.java:1597)
	at java.base/java.util.ArrayList.forEach(ArrayList.java:1597)
	Suppressed: org.opentest4j.MultipleFailuresError: Multiple Failures (2 failures)
	org.opentest4j.AssertionFailedError: expected: <Transfer Balance Report> but was: <﻿>
	org.opentest4j.AssertionFailedError: expected: <Start Date: 2024-12-30> but was: <Area: All>
		at org.junit.jupiter.api.AssertAll.assertAll(AssertAll.java:80)
		at org.junit.jupiter.api.AssertAll.assertAll(AssertAll.java:44)
		at org.junit.jupiter.api.AssertAll.assertAll(AssertAll.java:38)
		at org.junit.jupiter.api.Assertions.assertAll(Assertions.java:2944)
		at com.coffeecode.parser.csv.CSVParserIntegrationTest.assertMetadata(CSVParserIntegrationTest.java:57)
		at com.coffeecode.parser.csv.CSVParserIntegrationTest.lambda$1(CSVParserIntegrationTest.java:50)
		at org.junit.jupiter.api.AssertAll.lambda$assertAll$0(AssertAll.java:68)
		at java.base/java.util.stream.ReferencePipeline$3$1.accept(ReferencePipeline.java:215)
		at java.base/java.util.Spliterators$ArraySpliterator.forEachRemaining(Spliterators.java:1024)
		at java.base/java.util.stream.AbstractPipeline.copyInto(AbstractPipeline.java:570)
		at java.base/java.util.stream.AbstractPipeline.wrapAndCopyInto(AbstractPipeline.java:560)
		at java.base/java.util.stream.ReduceOps$ReduceOp.evaluateSequential(ReduceOps.java:921)
		at java.base/java.util.stream.AbstractPipeline.evaluate(AbstractPipeline.java:265)
		at java.base/java.util.stream.ReferencePipeline.collect(ReferencePipeline.java:727)
		at org.junit.jupiter.api.AssertAll.assertAll(AssertAll.java:77)
		... 7 more
		Suppressed: org.opentest4j.AssertionFailedError: expected: <Transfer Balance Report> but was: <﻿>
			at org.junit.jupiter.api.AssertionFailureBuilder.build(AssertionFailureBuilder.java:151)
			at org.junit.jupiter.api.AssertionFailureBuilder.buildAndThrow(AssertionFailureBuilder.java:132)
			at org.junit.jupiter.api.AssertEquals.failNotEqual(AssertEquals.java:197)
			at org.junit.jupiter.api.AssertEquals.assertEquals(AssertEquals.java:182)
			at org.junit.jupiter.api.AssertEquals.assertEquals(AssertEquals.java:177)
			at org.junit.jupiter.api.Assertions.assertEquals(Assertions.java:1145)
			at com.coffeecode.parser.csv.CSVParserIntegrationTest.lambda$4(CSVParserIntegrationTest.java:58)
			at org.junit.jupiter.api.AssertAll.lambda$assertAll$0(AssertAll.java:68)
			at java.base/java.util.stream.ReferencePipeline$3$1.accept(ReferencePipeline.java:215)
			at java.base/java.util.Spliterators$ArraySpliterator.forEachRemaining(Spliterators.java:1024)
			at java.base/java.util.stream.AbstractPipeline.copyInto(AbstractPipeline.java:570)
			at java.base/java.util.stream.AbstractPipeline.wrapAndCopyInto(AbstractPipeline.java:560)
			at java.base/java.util.stream.ReduceOps$ReduceOp.evaluateSequential(ReduceOps.java:921)
			at java.base/java.util.stream.AbstractPipeline.evaluate(AbstractPipeline.java:265)
			at java.base/java.util.stream.ReferencePipeline.collect(ReferencePipeline.java:727)
			at org.junit.jupiter.api.AssertAll.assertAll(AssertAll.java:77)
			... 21 more
		Suppressed: org.opentest4j.AssertionFailedError: expected: <Start Date: 2024-12-30> but was: <Area: All>
			at org.junit.jupiter.api.AssertionFailureBuilder.build(AssertionFailureBuilder.java:151)
			at org.junit.jupiter.api.AssertionFailureBuilder.buildAndThrow(AssertionFailureBuilder.java:132)
			at org.junit.jupiter.api.AssertEquals.failNotEqual(AssertEquals.java:197)
			at org.junit.jupiter.api.AssertEquals.assertEquals(AssertEquals.java:182)
			at org.junit.jupiter.api.AssertEquals.assertEquals(AssertEquals.java:177)
			at org.junit.jupiter.api.Assertions.assertEquals(Assertions.java:1145)
			at com.coffeecode.parser.csv.CSVParserIntegrationTest.lambda$6(CSVParserIntegrationTest.java:60)
			at org.junit.jupiter.api.AssertAll.lambda$assertAll$0(AssertAll.java:68)
			at java.base/java.util.stream.ReferencePipeline$3$1.accept(ReferencePipeline.java:215)
			at java.base/java.util.Spliterators$ArraySpliterator.forEachRemaining(Spliterators.java:1024)
			at java.base/java.util.stream.AbstractPipeline.copyInto(AbstractPipeline.java:570)
			at java.base/java.util.stream.AbstractPipeline.wrapAndCopyInto(AbstractPipeline.java:560)
			at java.base/java.util.stream.ReduceOps$ReduceOp.evaluateSequential(ReduceOps.java:921)
			at java.base/java.util.stream.AbstractPipeline.evaluate(AbstractPipeline.java:265)
			at java.base/java.util.stream.ReferencePipeline.collect(ReferencePipeline.java:727)
			at org.junit.jupiter.api.AssertAll.assertAll(AssertAll.java:77)
			... 21 more
	Suppressed: org.opentest4j.MultipleFailuresError: Multiple Failures (3 failures)
	org.opentest4j.AssertionFailedError: expected: <DateTime> but was: <2024-12-30 10:22:14>
	org.opentest4j.AssertionFailedError: expected: <Transaction ID> but was: <03651500029279801355>
	org.opentest4j.AssertionFailedError: expected: <Status Description> but was: <Success>
		at org.junit.jupiter.api.AssertAll.assertAll(AssertAll.java:80)
		at org.junit.jupiter.api.AssertAll.assertAll(AssertAll.java:44)
		at org.junit.jupiter.api.AssertAll.assertAll(AssertAll.java:38)
		at org.junit.jupiter.api.Assertions.assertAll(Assertions.java:2944)
		at com.coffeecode.parser.csv.CSVParserIntegrationTest.assertHeaders(CSVParserIntegrationTest.java:65)
		at com.coffeecode.parser.csv.CSVParserIntegrationTest.lambda$2(CSVParserIntegrationTest.java:51)
		at org.junit.jupiter.api.AssertAll.lambda$assertAll$0(AssertAll.java:68)
		at java.base/java.util.stream.ReferencePipeline$3$1.accept(ReferencePipeline.java:215)
		at java.base/java.util.Spliterators$ArraySpliterator.forEachRemaining(Spliterators.java:1024)
		at java.base/java.util.stream.AbstractPipeline.copyInto(AbstractPipeline.java:570)
		at java.base/java.util.stream.AbstractPipeline.wrapAndCopyInto(AbstractPipeline.java:560)
		at java.base/java.util.stream.ReduceOps$ReduceOp.evaluateSequential(ReduceOps.java:921)
		at java.base/java.util.stream.AbstractPipeline.evaluate(AbstractPipeline.java:265)
		at java.base/java.util.stream.ReferencePipeline.collect(ReferencePipeline.java:727)
		at org.junit.jupiter.api.AssertAll.assertAll(AssertAll.java:77)
		... 7 more
		Suppressed: org.opentest4j.AssertionFailedError: expected: <DateTime> but was: <2024-12-30 10:22:14>
			at org.junit.jupiter.api.AssertionFailureBuilder.build(AssertionFailureBuilder.java:151)
			at org.junit.jupiter.api.AssertionFailureBuilder.buildAndThrow(AssertionFailureBuilder.java:132)
			at org.junit.jupiter.api.AssertEquals.failNotEqual(AssertEquals.java:197)
			at org.junit.jupiter.api.AssertEquals.assertEquals(AssertEquals.java:182)
			at org.junit.jupiter.api.AssertEquals.assertEquals(AssertEquals.java:177)
			at org.junit.jupiter.api.Assertions.assertEquals(Assertions.java:1145)
			at com.coffeecode.parser.csv.CSVParserIntegrationTest.lambda$8(CSVParserIntegrationTest.java:67)
			at org.junit.jupiter.api.AssertAll.lambda$assertAll$0(AssertAll.java:68)
			at java.base/java.util.stream.ReferencePipeline$3$1.accept(ReferencePipeline.java:215)
			at java.base/java.util.Spliterators$ArraySpliterator.forEachRemaining(Spliterators.java:1024)
			at java.base/java.util.stream.AbstractPipeline.copyInto(AbstractPipeline.java:570)
			at java.base/java.util.stream.AbstractPipeline.wrapAndCopyInto(AbstractPipeline.java:560)
			at java.base/java.util.stream.ReduceOps$ReduceOp.evaluateSequential(ReduceOps.java:921)
			at java.base/java.util.stream.AbstractPipeline.evaluate(AbstractPipeline.java:265)
			at java.base/java.util.stream.ReferencePipeline.collect(ReferencePipeline.java:727)
			at org.junit.jupiter.api.AssertAll.assertAll(AssertAll.java:77)
			... 21 more
		Suppressed: org.opentest4j.AssertionFailedError: expected: <Transaction ID> but was: <03651500029279801355>
			at org.junit.jupiter.api.AssertionFailureBuilder.build(AssertionFailureBuilder.java:151)
			at org.junit.jupiter.api.AssertionFailureBuilder.buildAndThrow(AssertionFailureBuilder.java:132)
			at org.junit.jupiter.api.AssertEquals.failNotEqual(AssertEquals.java:197)
			at org.junit.jupiter.api.AssertEquals.assertEquals(AssertEquals.java:182)
			at org.junit.jupiter.api.AssertEquals.assertEquals(AssertEquals.java:177)
			at org.junit.jupiter.api.Assertions.assertEquals(Assertions.java:1145)
			at com.coffeecode.parser.csv.CSVParserIntegrationTest.lambda$9(CSVParserIntegrationTest.java:68)
			at org.junit.jupiter.api.AssertAll.lambda$assertAll$0(AssertAll.java:68)
			at java.base/java.util.stream.ReferencePipeline$3$1.accept(ReferencePipeline.java:215)
			at java.base/java.util.Spliterators$ArraySpliterator.forEachRemaining(Spliterators.java:1024)
			at java.base/java.util.stream.AbstractPipeline.copyInto(AbstractPipeline.java:570)
			at java.base/java.util.stream.AbstractPipeline.wrapAndCopyInto(AbstractPipeline.java:560)
			at java.base/java.util.stream.ReduceOps$ReduceOp.evaluateSequential(ReduceOps.java:921)
			at java.base/java.util.stream.AbstractPipeline.evaluate(AbstractPipeline.java:265)
			at java.base/java.util.stream.ReferencePipeline.collect(ReferencePipeline.java:727)
			at org.junit.jupiter.api.AssertAll.assertAll(AssertAll.java:77)
			... 21 more
		Suppressed: org.opentest4j.AssertionFailedError: expected: <Status Description> but was: <Success>
			at org.junit.jupiter.api.AssertionFailureBuilder.build(AssertionFailureBuilder.java:151)
			at org.junit.jupiter.api.AssertionFailureBuilder.buildAndThrow(AssertionFailureBuilder.java:132)
			at org.junit.jupiter.api.AssertEquals.failNotEqual(AssertEquals.java:197)
			at org.junit.jupiter.api.AssertEquals.assertEquals(AssertEquals.java:182)
			at org.junit.jupiter.api.AssertEquals.assertEquals(AssertEquals.java:177)
			at org.junit.jupiter.api.Assertions.assertEquals(Assertions.java:1145)
			at com.coffeecode.parser.csv.CSVParserIntegrationTest.lambda$10(CSVParserIntegrationTest.java:69)
			at org.junit.jupiter.api.AssertAll.lambda$assertAll$0(AssertAll.java:68)
			at java.base/java.util.stream.ReferencePipeline$3$1.accept(ReferencePipeline.java:215)
			at java.base/java.util.Spliterators$ArraySpliterator.forEachRemaining(Spliterators.java:1024)
			at java.base/java.util.stream.AbstractPipeline.copyInto(AbstractPipeline.java:570)
			at java.base/java.util.stream.AbstractPipeline.wrapAndCopyInto(AbstractPipeline.java:560)
			at java.base/java.util.stream.ReduceOps$ReduceOp.evaluateSequential(ReduceOps.java:921)
			at java.base/java.util.stream.AbstractPipeline.evaluate(AbstractPipeline.java:265)
			at java.base/java.util.stream.ReferencePipeline.collect(ReferencePipeline.java:727)
			at org.junit.jupiter.api.AssertAll.assertAll(AssertAll.java:77)
			... 21 more

com.coffeecode.parser.csv.CSVParserIntegrationTest.testEmptyRowHandling -- Time elapsed: 0.008 s <<< FAILURE!
org.opentest4j.MultipleFailuresError: 
Multiple Failures (1 failure)
	org.opentest4j.AssertionFailedError: expected: <Transfer Balance Report> but was: <﻿>
	at org.junit.jupiter.api.AssertAll.assertAll(AssertAll.java:80)
	at org.junit.jupiter.api.AssertAll.assertAll(AssertAll.java:44)
	at org.junit.jupiter.api.AssertAll.assertAll(AssertAll.java:38)
	at org.junit.jupiter.api.Assertions.assertAll(Assertions.java:2944)
	at com.coffeecode.parser.csv.CSVParserIntegrationTest.testEmptyRowHandling(CSVParserIntegrationTest.java:105)
	at java.base/java.lang.reflect.Method.invoke(Method.java:580)
	at java.base/java.util.ArrayList.forEach(ArrayList.java:1597)
	at java.base/java.util.ArrayList.forEach(ArrayList.java:1597)
	Suppressed: org.opentest4j.AssertionFailedError: expected: <Transfer Balance Report> but was: <﻿>
		at org.junit.jupiter.api.AssertionFailureBuilder.build(AssertionFailureBuilder.java:151)
		at org.junit.jupiter.api.AssertionFailureBuilder.buildAndThrow(AssertionFailureBuilder.java:132)
		at org.junit.jupiter.api.AssertEquals.failNotEqual(AssertEquals.java:197)
		at org.junit.jupiter.api.AssertEquals.assertEquals(AssertEquals.java:182)
		at org.junit.jupiter.api.AssertEquals.assertEquals(AssertEquals.java:177)
		at org.junit.jupiter.api.Assertions.assertEquals(Assertions.java:1145)
		at com.coffeecode.parser.csv.CSVParserIntegrationTest.lambda$17(CSVParserIntegrationTest.java:107)
		at org.junit.jupiter.api.AssertAll.lambda$assertAll$0(AssertAll.java:68)
		at java.base/java.util.stream.ReferencePipeline$3$1.accept(ReferencePipeline.java:215)
		at java.base/java.util.Spliterators$ArraySpliterator.forEachRemaining(Spliterators.java:1024)
		at java.base/java.util.stream.AbstractPipeline.copyInto(AbstractPipeline.java:570)
		at java.base/java.util.stream.AbstractPipeline.wrapAndCopyInto(AbstractPipeline.java:560)
		at java.base/java.util.stream.ReduceOps$ReduceOp.evaluateSequential(ReduceOps.java:921)
		at java.base/java.util.stream.AbstractPipeline.evaluate(AbstractPipeline.java:265)
		at java.base/java.util.stream.ReferencePipeline.collect(ReferencePipeline.java:727)
		at org.junit.jupiter.api.AssertAll.assertAll(AssertAll.java:77)
		... 7 more

