-------------------------------------------------------------------------------
Test set: com.coffeecode.validation.ColumnValidatorTest
-------------------------------------------------------------------------------
Tests run: 2, Failures: 0, Errors: 2, Skipped: 0, Time elapsed: 0.079 s <<< FAILURE! -- in com.coffeecode.validation.ColumnValidatorTest
com.coffeecode.validation.ColumnValidatorTest.testDateFormatValidation -- Time elapsed: 0.046 s <<< ERROR!
java.lang.UnsupportedOperationException
	at java.base/java.util.AbstractList.add(AbstractList.java:155)
	at java.base/java.util.AbstractList.add(AbstractList.java:113)
	at com.coffeecode.validation.ColumnValidatorTest.testDateFormatValidation(ColumnValidatorTest.java:46)
	at java.base/java.lang.reflect.Method.invoke(Method.java:580)
	at java.base/java.util.ArrayList.forEach(ArrayList.java:1597)
	at java.base/java.util.ArrayList.forEach(ArrayList.java:1597)

com.coffeecode.validation.ColumnValidatorTest.testColumnCountValidation -- Time elapsed: 0.004 s <<< ERROR!
java.lang.UnsupportedOperationException
	at java.base/java.util.AbstractList.add(AbstractList.java:155)
	at java.base/java.util.AbstractList.add(AbstractList.java:113)
	at com.coffeecode.validation.ColumnValidatorTest.testColumnCountValidation(ColumnValidatorTest.java:33)
	at java.base/java.lang.reflect.Method.invoke(Method.java:580)
	at java.base/java.util.ArrayList.forEach(ArrayList.java:1597)
	at java.base/java.util.ArrayList.forEach(ArrayList.java:1597)

