<?xml version="1.0" encoding="UTF-8"?>
<testsuite xmlns:xsi="http://www.w3.org/2001/XMLSchema-instance" xsi:noNamespaceSchemaLocation="https://maven.apache.org/surefire/maven-surefire-plugin/xsd/surefire-test-report-3.0.xsd" version="3.0" name="com.coffeecode.processor.CSVProcessorTest" time="0.639" tests="4" errors="0" skipped="0" failures="2">
  <properties>
[...]
</properties>
  <testcase name="testDataContent" classname="com.coffeecode.processor.CSVProcessorTest" time="0.563">
    <failure message="Data row should have 31 columns ==&gt; expected: &lt;31&gt; but was: &lt;1&gt;" type="org.opentest4j.AssertionFailedError"><![CDATA[org.opentest4j.AssertionFailedError: Data row should have 31 columns ==> expected: <31> but was: <1>
	at org.junit.jupiter.api.AssertionFailureBuilder.build(AssertionFailureBuilder.java:151)
	at org.junit.jupiter.api.AssertionFailureBuilder.buildAndThrow(AssertionFailureBuilder.java:132)
	at org.junit.jupiter.api.AssertEquals.failNotEqual(AssertEquals.java:197)
	at org.junit.jupiter.api.AssertEquals.assertEquals(AssertEquals.java:150)
	at org.junit.jupiter.api.Assertions.assertEquals(Assertions.java:563)
	at com.coffeecode.processor.CSVProcessorTest.testDataContent(CSVProcessorTest.java:67)
	at java.base/java.lang.reflect.Method.invoke(Method.java:580)
	at java.base/java.util.ArrayList.forEach(ArrayList.java:1597)
	at java.base/java.util.ArrayList.forEach(ArrayList.java:1597)
]]></failure>
    <system-out><![CDATA[2025-01-02 15:12:54.618 [main] DEBUG com.coffeecode.processor.CSVProcessor - Task [Validate File] executed in 0 ms
2025-01-02 15:12:54.635 [main] DEBUG com.coffeecode.processor.CSVProcessor - Performance[PROCESSING] - Rows: 1, Memory: 16MB: null
2025-01-02 15:12:54.635 [main] DEBUG com.coffeecode.processor.CSVProcessor - Performance[PROCESSING] - Rows: 2, Memory: 16MB: null
2025-01-02 15:12:54.635 [main] DEBUG com.coffeecode.processor.CSVProcessor - Performance[PROCESSING] - Rows: 3, Memory: 16MB: null
2025-01-02 15:12:54.635 [main] DEBUG com.coffeecode.processor.CSVProcessor - Performance[PROCESSING] - Rows: 4, Memory: 16MB: null
2025-01-02 15:12:54.635 [main] DEBUG com.coffeecode.processor.CSVProcessor - Performance[PROCESSING] - Rows: 5, Memory: 16MB: null
2025-01-02 15:12:54.635 [main] DEBUG com.coffeecode.processor.CSVProcessor - Performance[PROCESSING] - Rows: 6, Memory: 16MB: null
2025-01-02 15:12:54.635 [main] DEBUG com.coffeecode.processor.CSVProcessor - Performance[PROCESSING] - Rows: 7, Memory: 16MB: null
2025-01-02 15:12:54.635 [main] DEBUG com.coffeecode.processor.CSVProcessor - Performance[PROCESSING] - Rows: 8, Memory: 16MB: null
2025-01-02 15:12:54.635 [main] DEBUG com.coffeecode.processor.CSVProcessor - Performance[PROCESSING] - Rows: 9, Memory: 16MB: null
2025-01-02 15:12:54.635 [main] DEBUG com.coffeecode.processor.CSVProcessor - Performance[PROCESSING] - Rows: 10, Memory: 16MB: null
2025-01-02 15:12:54.635 [main] DEBUG com.coffeecode.processor.CSVProcessor - Performance[PROCESSING] - Rows: 11, Memory: 16MB: null
2025-01-02 15:12:54.635 [main] DEBUG com.coffeecode.processor.CSVProcessor - Performance[PROCESSING] - Rows: 12, Memory: 16MB: null
2025-01-02 15:12:54.635 [main] DEBUG com.coffeecode.processor.CSVProcessor - Performance[PROCESSING] - Rows: 13, Memory: 16MB: null
2025-01-02 15:12:54.635 [main] DEBUG com.coffeecode.processor.CSVProcessor - Performance[PROCESSING] - Rows: 14, Memory: 16MB: null
2025-01-02 15:12:54.636 [main] DEBUG com.coffeecode.processor.CSVProcessor - Performance[PROCESSING] - Rows: 15, Memory: 16MB: null
2025-01-02 15:12:54.636 [main] DEBUG com.coffeecode.processor.CSVProcessor - Performance[PROCESSING] - Rows: 16, Memory: 16MB: null
2025-01-02 15:12:54.636 [main] DEBUG com.coffeecode.processor.CSVProcessor - Performance[PROCESSING] - Rows: 17, Memory: 16MB: null
2025-01-02 15:12:54.636 [main] DEBUG com.coffeecode.processor.CSVProcessor - Performance[PROCESSING] - Rows: 18, Memory: 16MB: null
2025-01-02 15:12:54.636 [main] DEBUG com.coffeecode.processor.CSVProcessor - Performance[PROCESSING] - Rows: 19, Memory: 16MB: null
2025-01-02 15:12:54.636 [main] DEBUG com.coffeecode.processor.CSVProcessor - Performance[PROCESSING] - Rows: 20, Memory: 16MB: null
2025-01-02 15:12:54.636 [main] DEBUG com.coffeecode.processor.CSVProcessor - Performance[PROCESSING] - Rows: 21, Memory: 16MB: null
2025-01-02 15:12:54.636 [main] DEBUG com.coffeecode.processor.CSVProcessor - Performance[PROCESSING] - Rows: 22, Memory: 16MB: null
2025-01-02 15:12:54.636 [main] DEBUG com.coffeecode.processor.CSVProcessor - Performance[PROCESSING] - Rows: 23, Memory: 16MB: null
2025-01-02 15:12:54.636 [main] DEBUG com.coffeecode.processor.CSVProcessor - Performance[PROCESSING] - Rows: 24, Memory: 16MB: null
2025-01-02 15:12:54.636 [main] DEBUG com.coffeecode.processor.CSVProcessor - Performance[PROCESSING] - Rows: 25, Memory: 16MB: null
2025-01-02 15:12:54.636 [main] DEBUG com.coffeecode.processor.CSVProcessor - Performance[PROCESSING] - Rows: 26, Memory: 16MB: null
2025-01-02 15:12:54.636 [main] DEBUG com.coffeecode.processor.CSVProcessor - Performance[PROCESSING] - Rows: 27, Memory: 17MB: null
2025-01-02 15:12:54.636 [main] DEBUG com.coffeecode.processor.CSVProcessor - Performance[PROCESSING] - Rows: 28, Memory: 17MB: null
2025-01-02 15:12:54.636 [main] DEBUG com.coffeecode.processor.CSVProcessor - Performance[PROCESSING] - Rows: 29, Memory: 17MB: null
2025-01-02 15:12:54.637 [main] DEBUG com.coffeecode.processor.CSVProcessor - Performance[PROCESSING] - Rows: 30, Memory: 17MB: null
2025-01-02 15:12:54.637 [main] DEBUG com.coffeecode.processor.CSVProcessor - Performance[PROCESSING] - Rows: 31, Memory: 17MB: null
2025-01-02 15:12:54.637 [main] DEBUG com.coffeecode.processor.CSVProcessor - Performance[PROCESSING] - Rows: 32, Memory: 17MB: null
2025-01-02 15:12:54.637 [main] DEBUG com.coffeecode.processor.CSVProcessor - Task [Read File] executed in 18 ms
]]></system-out>
  </testcase>
  <testcase name="testFileValidation" classname="com.coffeecode.processor.CSVProcessorTest" time="0.003">
    <system-out><![CDATA[2025-01-02 15:12:54.671 [main] DEBUG com.coffeecode.processor.CSVProcessor - Task [Validate File] executed in 0 ms
]]></system-out>
  </testcase>
  <testcase name="testReadStructure" classname="com.coffeecode.processor.CSVProcessorTest" time="0.029">
    <failure message="expected: &lt;Transfer Balance Report&gt; but was: &lt;&gt;" type="org.opentest4j.AssertionFailedError"><![CDATA[org.opentest4j.AssertionFailedError: expected: <Transfer Balance Report> but was: <>
	at org.junit.jupiter.api.AssertionFailureBuilder.build(AssertionFailureBuilder.java:151)
	at org.junit.jupiter.api.AssertionFailureBuilder.buildAndThrow(AssertionFailureBuilder.java:132)
	at org.junit.jupiter.api.AssertEquals.failNotEqual(AssertEquals.java:197)
	at org.junit.jupiter.api.AssertEquals.assertEquals(AssertEquals.java:182)
	at org.junit.jupiter.api.AssertEquals.assertEquals(AssertEquals.java:177)
	at org.junit.jupiter.api.Assertions.assertEquals(Assertions.java:1145)
	at com.coffeecode.processor.CSVProcessorTest.testReadStructure(CSVProcessorTest.java:46)
	at java.base/java.lang.reflect.Method.invoke(Method.java:580)
	at java.base/java.util.ArrayList.forEach(ArrayList.java:1597)
	at java.base/java.util.ArrayList.forEach(ArrayList.java:1597)
]]></failure>
    <system-out><![CDATA[2025-01-02 15:12:54.686 [main] DEBUG com.coffeecode.processor.CSVProcessor - Task [Validate File] executed in 0 ms
2025-01-02 15:12:54.686 [main] DEBUG com.coffeecode.processor.CSVProcessor - Performance[PROCESSING] - Rows: 1, Memory: 18MB: null
2025-01-02 15:12:54.686 [main] DEBUG com.coffeecode.processor.CSVProcessor - Performance[PROCESSING] - Rows: 2, Memory: 18MB: null
2025-01-02 15:12:54.687 [main] DEBUG com.coffeecode.processor.CSVProcessor - Performance[PROCESSING] - Rows: 3, Memory: 18MB: null
2025-01-02 15:12:54.687 [main] DEBUG com.coffeecode.processor.CSVProcessor - Performance[PROCESSING] - Rows: 4, Memory: 18MB: null
2025-01-02 15:12:54.687 [main] DEBUG com.coffeecode.processor.CSVProcessor - Performance[PROCESSING] - Rows: 5, Memory: 18MB: null
2025-01-02 15:12:54.687 [main] DEBUG com.coffeecode.processor.CSVProcessor - Performance[PROCESSING] - Rows: 6, Memory: 18MB: null
2025-01-02 15:12:54.687 [main] DEBUG com.coffeecode.processor.CSVProcessor - Performance[PROCESSING] - Rows: 7, Memory: 18MB: null
2025-01-02 15:12:54.687 [main] DEBUG com.coffeecode.processor.CSVProcessor - Performance[PROCESSING] - Rows: 8, Memory: 18MB: null
2025-01-02 15:12:54.687 [main] DEBUG com.coffeecode.processor.CSVProcessor - Performance[PROCESSING] - Rows: 9, Memory: 18MB: null
2025-01-02 15:12:54.687 [main] DEBUG com.coffeecode.processor.CSVProcessor - Performance[PROCESSING] - Rows: 10, Memory: 18MB: null
2025-01-02 15:12:54.687 [main] DEBUG com.coffeecode.processor.CSVProcessor - Performance[PROCESSING] - Rows: 11, Memory: 18MB: null
2025-01-02 15:12:54.687 [main] DEBUG com.coffeecode.processor.CSVProcessor - Performance[PROCESSING] - Rows: 12, Memory: 18MB: null
2025-01-02 15:12:54.687 [main] DEBUG com.coffeecode.processor.CSVProcessor - Performance[PROCESSING] - Rows: 13, Memory: 18MB: null
2025-01-02 15:12:54.687 [main] DEBUG com.coffeecode.processor.CSVProcessor - Performance[PROCESSING] - Rows: 14, Memory: 18MB: null
2025-01-02 15:12:54.687 [main] DEBUG com.coffeecode.processor.CSVProcessor - Performance[PROCESSING] - Rows: 15, Memory: 18MB: null
2025-01-02 15:12:54.687 [main] DEBUG com.coffeecode.processor.CSVProcessor - Performance[PROCESSING] - Rows: 16, Memory: 18MB: null
2025-01-02 15:12:54.687 [main] DEBUG com.coffeecode.processor.CSVProcessor - Performance[PROCESSING] - Rows: 17, Memory: 18MB: null
2025-01-02 15:12:54.687 [main] DEBUG com.coffeecode.processor.CSVProcessor - Performance[PROCESSING] - Rows: 18, Memory: 18MB: null
2025-01-02 15:12:54.687 [main] DEBUG com.coffeecode.processor.CSVProcessor - Performance[PROCESSING] - Rows: 19, Memory: 18MB: null
2025-01-02 15:12:54.687 [main] DEBUG com.coffeecode.processor.CSVProcessor - Performance[PROCESSING] - Rows: 20, Memory: 18MB: null
2025-01-02 15:12:54.687 [main] DEBUG com.coffeecode.processor.CSVProcessor - Performance[PROCESSING] - Rows: 21, Memory: 18MB: null
2025-01-02 15:12:54.688 [main] DEBUG com.coffeecode.processor.CSVProcessor - Performance[PROCESSING] - Rows: 22, Memory: 18MB: null
2025-01-02 15:12:54.688 [main] DEBUG com.coffeecode.processor.CSVProcessor - Performance[PROCESSING] - Rows: 23, Memory: 18MB: null
2025-01-02 15:12:54.688 [main] DEBUG com.coffeecode.processor.CSVProcessor - Performance[PROCESSING] - Rows: 24, Memory: 18MB: null
2025-01-02 15:12:54.688 [main] DEBUG com.coffeecode.processor.CSVProcessor - Performance[PROCESSING] - Rows: 25, Memory: 18MB: null
2025-01-02 15:12:54.688 [main] DEBUG com.coffeecode.processor.CSVProcessor - Performance[PROCESSING] - Rows: 26, Memory: 18MB: null
2025-01-02 15:12:54.688 [main] DEBUG com.coffeecode.processor.CSVProcessor - Performance[PROCESSING] - Rows: 27, Memory: 18MB: null
2025-01-02 15:12:54.688 [main] DEBUG com.coffeecode.processor.CSVProcessor - Performance[PROCESSING] - Rows: 28, Memory: 18MB: null
2025-01-02 15:12:54.688 [main] DEBUG com.coffeecode.processor.CSVProcessor - Performance[PROCESSING] - Rows: 29, Memory: 18MB: null
2025-01-02 15:12:54.688 [main] DEBUG com.coffeecode.processor.CSVProcessor - Performance[PROCESSING] - Rows: 30, Memory: 18MB: null
2025-01-02 15:12:54.689 [main] DEBUG com.coffeecode.processor.CSVProcessor - Performance[PROCESSING] - Rows: 31, Memory: 18MB: null
2025-01-02 15:12:54.689 [main] DEBUG com.coffeecode.processor.CSVProcessor - Performance[PROCESSING] - Rows: 32, Memory: 18MB: null
2025-01-02 15:12:54.690 [main] DEBUG com.coffeecode.processor.CSVProcessor - Task [Read File] executed in 4 ms
]]></system-out>
  </testcase>
  <testcase name="testMetrics" classname="com.coffeecode.processor.CSVProcessorTest" time="0.005">
    <system-out><![CDATA[2025-01-02 15:12:54.707 [main] DEBUG com.coffeecode.processor.CSVProcessor - Task [Validate File] executed in 0 ms
2025-01-02 15:12:54.708 [main] DEBUG com.coffeecode.processor.CSVProcessor - Performance[PROCESSING] - Rows: 1, Memory: 18MB: null
2025-01-02 15:12:54.708 [main] DEBUG com.coffeecode.processor.CSVProcessor - Performance[PROCESSING] - Rows: 2, Memory: 18MB: null
2025-01-02 15:12:54.708 [main] DEBUG com.coffeecode.processor.CSVProcessor - Performance[PROCESSING] - Rows: 3, Memory: 18MB: null
2025-01-02 15:12:54.708 [main] DEBUG com.coffeecode.processor.CSVProcessor - Performance[PROCESSING] - Rows: 4, Memory: 18MB: null
2025-01-02 15:12:54.708 [main] DEBUG com.coffeecode.processor.CSVProcessor - Performance[PROCESSING] - Rows: 5, Memory: 18MB: null
2025-01-02 15:12:54.708 [main] DEBUG com.coffeecode.processor.CSVProcessor - Performance[PROCESSING] - Rows: 6, Memory: 18MB: null
2025-01-02 15:12:54.708 [main] DEBUG com.coffeecode.processor.CSVProcessor - Performance[PROCESSING] - Rows: 7, Memory: 18MB: null
2025-01-02 15:12:54.708 [main] DEBUG com.coffeecode.processor.CSVProcessor - Performance[PROCESSING] - Rows: 8, Memory: 18MB: null
2025-01-02 15:12:54.708 [main] DEBUG com.coffeecode.processor.CSVProcessor - Performance[PROCESSING] - Rows: 9, Memory: 18MB: null
2025-01-02 15:12:54.708 [main] DEBUG com.coffeecode.processor.CSVProcessor - Performance[PROCESSING] - Rows: 10, Memory: 18MB: null
2025-01-02 15:12:54.708 [main] DEBUG com.coffeecode.processor.CSVProcessor - Performance[PROCESSING] - Rows: 11, Memory: 18MB: null
2025-01-02 15:12:54.708 [main] DEBUG com.coffeecode.processor.CSVProcessor - Performance[PROCESSING] - Rows: 12, Memory: 18MB: null
2025-01-02 15:12:54.708 [main] DEBUG com.coffeecode.processor.CSVProcessor - Performance[PROCESSING] - Rows: 13, Memory: 18MB: null
2025-01-02 15:12:54.708 [main] DEBUG com.coffeecode.processor.CSVProcessor - Performance[PROCESSING] - Rows: 14, Memory: 18MB: null
2025-01-02 15:12:54.708 [main] DEBUG com.coffeecode.processor.CSVProcessor - Performance[PROCESSING] - Rows: 15, Memory: 18MB: null
2025-01-02 15:12:54.709 [main] DEBUG com.coffeecode.processor.CSVProcessor - Performance[PROCESSING] - Rows: 16, Memory: 18MB: null
2025-01-02 15:12:54.709 [main] DEBUG com.coffeecode.processor.CSVProcessor - Performance[PROCESSING] - Rows: 17, Memory: 18MB: null
]]></system-out>
  </testcase>
</testsuite>